[2023-07-04 11:42:04,898] root - INFO - data ingestion started
[2023-07-04 11:42:04,899] root - INFO - data set path : A:\Projects Machine Learning\Internship SA\Airline\Passenger-Satisfaction-Prediction\notebook\data\airline_dataset.csv
[2023-07-04 11:42:05,608] root - INFO - dataset columns :{df.columns} 
[2023-07-04 11:42:08,007] root - INFO - dataset in raw data dir
[2023-07-04 11:42:08,008] root - INFO - train test split
[2023-07-04 11:42:09,989] root - INFO - train data path : A:\Projects Machine Learning\Internship SA\Airline\Passenger-Satisfaction-Prediction\artifacts\data_ingestion\2023-07-04 11-41-53\ingested_dir\train.csv
[2023-07-04 11:42:10,480] root - INFO - train data path : A:\Projects Machine Learning\Internship SA\Airline\Passenger-Satisfaction-Prediction\artifacts\data_ingestion\2023-07-04 11-41-53\ingested_dir\test.csv
[2023-07-04 11:42:10,482] root - INFO - data ingestion done 
[2023-07-04 11:42:11,190] root - INFO - Read train and test data completed
[2023-07-04 11:42:11,207] root - INFO - Train Dataframe Head : 
   Gender      Customer Type  Age   Type of Travel     Class  Flight Distance  Inflight wifi service  Departure/Arrival time convenient  Ease of Online booking  Food and drink  Online boarding  Seat comfort  Inflight entertainment  On-board service  Leg room service  Baggage handling  Checkin service  Inflight service  Cleanliness  Departure Delay in Minutes  Arrival Delay in Minutes  satisfaction
0  Female     Loyal Customer   64  Personal Travel  Business              965                      3                                  5                       3               5                5             5                       1                 1                 3                 1                5                 1            5                          11                       4.0             0
1    Male  disloyal Customer   26  Business travel  Business              592                      2                                  1                       1               3                1             3                       3                 5                 4                 5                4                 4            3                         112                     125.0             0
2  Female     Loyal Customer    8  Personal Travel       Eco              993                      3                                  4                       3               4                3             4                       4                 4                 5                 5                4                 4            4                           0                       0.0             0
3    Male     Loyal Customer   41  Business travel  Business             2223                      4                                  4                       4               1                2             4                       5                 5                 5                 5                5                 5            1                           9                       4.0             1
4  Female  disloyal Customer   19  Business travel       Eco             1235                      4                                  4                       4               3                4             3                       3                 1                 2                 4                1                 4            3                           0                       0.0             0
[2023-07-04 11:42:11,217] root - INFO - Test Dataframe Head  : 
   Gender   Customer Type  Age   Type of Travel     Class  Flight Distance  Inflight wifi service  Departure/Arrival time convenient  Ease of Online booking  Food and drink  Online boarding  Seat comfort  Inflight entertainment  On-board service  Leg room service  Baggage handling  Checkin service  Inflight service  Cleanliness  Departure Delay in Minutes  Arrival Delay in Minutes  satisfaction
0    Male  Loyal Customer   66  Personal Travel       Eco             1678                      3                                  2                       3               4                3             4                       4                 4                 3                 2                3                 2            4                           0                       0.0             0
1  Female  Loyal Customer   38  Business travel  Business              954                      2                                  2                       2               2                3             1                       4                 4                 4                 4                2                 4            4                           3                       0.0             1
2  Female  Loyal Customer   38  Business travel       Eco              189                      2                                  1                       1               2                2             2                       2                 1                 2                 4                1                 4            2                           0                       0.0             0
3  Female  Loyal Customer   32  Personal Travel       Eco              175                      2                                  5                       2               1                2             1                       1                 3                 5                 4                5                 4            1                           0                       0.0             0
4    Male  Loyal Customer   33  Business travel  Business             1990                      5                                  5                       5               4                4             4                       4                 4                 1                 5                5                 1            4                           0                       0.0             1
[2023-07-04 11:42:11,217] root - INFO - columns in dataframe are: Index(['Gender', 'Customer Type', 'Age', 'Type of Travel', 'Class',
       'Flight Distance', 'Inflight wifi service',
       'Departure/Arrival time convenient', 'Ease of Online booking',
       'Food and drink', 'Online boarding', 'Seat comfort',
       'Inflight entertainment', 'On-board service', 'Leg room service',
       'Baggage handling', 'Checkin service', 'Inflight service',
       'Cleanliness', 'Departure Delay in Minutes', 'Arrival Delay in Minutes',
       'satisfaction'],
      dtype='object')
[2023-07-04 11:42:11,225] root - INFO - Catogorical columns in dataframe are: ['Gender', 'Customer Type', 'Type of Travel', 'Class']
[2023-07-04 11:42:11,244] root - INFO - Numerical columns in dataframe are: ['Age', 'Flight Distance', 'Inflight wifi service', 'Departure/Arrival time convenient', 'Ease of Online booking', 'Food and drink', 'Online boarding', 'Seat comfort', 'Inflight entertainment', 'On-board service', 'Leg room service', 'Baggage handling', 'Checkin service', 'Inflight service', 'Cleanliness', 'Departure Delay in Minutes', 'Arrival Delay in Minutes', 'satisfaction']
[2023-07-04 11:42:11,246] root - INFO - columns in dataframe are: Gender                                object
Customer Type                         object
Age                                    int64
Type of Travel                        object
Class                                 object
Flight Distance                        int64
Inflight wifi service                  int64
Departure/Arrival time convenient      int64
Ease of Online booking                 int64
Food and drink                         int64
Online boarding                        int64
Seat comfort                           int64
Inflight entertainment                 int64
On-board service                       int64
Leg room service                       int64
Baggage handling                       int64
Checkin service                        int64
Inflight service                       int64
Cleanliness                            int64
Departure Delay in Minutes             int64
Arrival Delay in Minutes             float64
satisfaction                           int64
dtype: object
[2023-07-04 11:42:11,497] root - INFO - Outliers capped on our train data
[2023-07-04 11:42:11,497] root - INFO -  Data Transformation Started
[2023-07-04 11:42:11,497] root - INFO - Splitting train data into dependent and independent features
[2023-07-04 11:42:11,531] root - INFO - Splitting test data into dependent and independent features
