[2023-07-16 14:17:14,585] root - INFO - converting data into Dataframe
[2023-07-16 14:17:15,598] root - INFO - data ingestion started
[2023-07-16 14:17:15,598] root - INFO - data set path : A:\Projects Machine Learning\Internship SA\Airline\Passenger-Satisfaction-Prediction\notebook\data\airline_dataset.csv
[2023-07-16 14:17:15,916] root - INFO - dataset columns :{df.columns} 
[2023-07-16 14:17:16,741] root - INFO - dataset in raw data dir
[2023-07-16 14:17:16,741] root - INFO - train test split
[2023-07-16 14:17:17,401] root - INFO - train data path : A:\Projects Machine Learning\Internship SA\Airline\Passenger-Satisfaction-Prediction\artifacts\data_ingestion\2023-07-16 14-17-14\ingested_dir\train.csv
[2023-07-16 14:17:17,538] root - INFO - train data path : A:\Projects Machine Learning\Internship SA\Airline\Passenger-Satisfaction-Prediction\artifacts\data_ingestion\2023-07-16 14-17-14\ingested_dir\test.csv
[2023-07-16 14:17:17,539] root - INFO - data ingestion done 
[2023-07-16 14:17:18,056] root - INFO - Read train and test data completed
[2023-07-16 14:17:18,064] root - INFO - Train Dataframe Head : 
   Gender      Customer Type  Age   Type of Travel     Class  Flight Distance  Inflight wifi service  Departure/Arrival time convenient  Ease of Online booking  Food and drink  Online boarding  Seat comfort  Inflight entertainment  On-board service  Leg room service  Baggage handling  Checkin service  Inflight service  Cleanliness  satisfaction
0  Female     Loyal Customer   64  Personal Travel  Business              965                      3                                  5                       3               5                5             5                       1                 1                 3                 1                5                 1            5             0
1    Male  disloyal Customer   26  Business travel  Business              592                      2                                  1                       1               3                1             3                       3                 5                 4                 5                4                 4            3             0
2  Female     Loyal Customer    8  Personal Travel       Eco              993                      3                                  4                       3               4                3             4                       4                 4                 5                 5                4                 4            4             0
3    Male     Loyal Customer   41  Business travel  Business             2223                      4                                  4                       4               1                2             4                       5                 5                 5                 5                5                 5            1             1
4  Female  disloyal Customer   19  Business travel       Eco             1235                      4                                  4                       4               3                4             3                       3                 1                 2                 4                1                 4            3             0
[2023-07-16 14:17:18,069] root - INFO - Test Dataframe Head  : 
   Gender   Customer Type  Age   Type of Travel     Class  Flight Distance  Inflight wifi service  Departure/Arrival time convenient  Ease of Online booking  Food and drink  Online boarding  Seat comfort  Inflight entertainment  On-board service  Leg room service  Baggage handling  Checkin service  Inflight service  Cleanliness  satisfaction
0    Male  Loyal Customer   66  Personal Travel       Eco             1678                      3                                  2                       3               4                3             4                       4                 4                 3                 2                3                 2            4             0
1  Female  Loyal Customer   38  Business travel  Business              954                      2                                  2                       2               2                3             1                       4                 4                 4                 4                2                 4            4             1
2  Female  Loyal Customer   38  Business travel       Eco              189                      2                                  1                       1               2                2             2                       2                 1                 2                 4                1                 4            2             0
3  Female  Loyal Customer   32  Personal Travel       Eco              175                      2                                  5                       2               1                2             1                       1                 3                 5                 4                5                 4            1             0
4    Male  Loyal Customer   33  Business travel  Business             1990                      5                                  5                       5               4                4             4                       4                 4                 1                 5                5                 1            4             1
[2023-07-16 14:17:18,070] root - INFO - columns in dataframe are: Index(['Gender', 'Customer Type', 'Age', 'Type of Travel', 'Class',
       'Flight Distance', 'Inflight wifi service',
       'Departure/Arrival time convenient', 'Ease of Online booking',
       'Food and drink', 'Online boarding', 'Seat comfort',
       'Inflight entertainment', 'On-board service', 'Leg room service',
       'Baggage handling', 'Checkin service', 'Inflight service',
       'Cleanliness', 'satisfaction'],
      dtype='object')
[2023-07-16 14:17:18,073] root - INFO - Catogorical columns in dataframe are: ['Gender', 'Customer Type', 'Type of Travel', 'Class']
[2023-07-16 14:17:18,087] root - INFO - Numerical columns in dataframe are: ['Age', 'Flight Distance', 'Inflight wifi service', 'Departure/Arrival time convenient', 'Ease of Online booking', 'Food and drink', 'Online boarding', 'Seat comfort', 'Inflight entertainment', 'On-board service', 'Leg room service', 'Baggage handling', 'Checkin service', 'Inflight service', 'Cleanliness', 'satisfaction']
[2023-07-16 14:17:18,088] root - INFO - columns in dataframe are: Gender                               object
Customer Type                        object
Age                                   int64
Type of Travel                       object
Class                                object
Flight Distance                       int64
Inflight wifi service                 int64
Departure/Arrival time convenient     int64
Ease of Online booking                int64
Food and drink                        int64
Online boarding                       int64
Seat comfort                          int64
Inflight entertainment                int64
On-board service                      int64
Leg room service                      int64
Baggage handling                      int64
Checkin service                       int64
Inflight service                      int64
Cleanliness                           int64
satisfaction                          int64
dtype: object
[2023-07-16 14:17:18,088] root - INFO - Obtaining feature engineering object.
[2023-07-16 14:17:18,088] root - INFO - 
******************** Feature Engneering Started ********************


[2023-07-16 14:17:18,088] root - INFO - Obtaining feature engineering object.
[2023-07-16 14:17:18,088] root - INFO - 
******************** Feature Engneering Started ********************


[2023-07-16 14:17:18,088] root - INFO - Applying feature engineering object on training dataframe and testing dataframe
[2023-07-16 14:17:18,088] root - INFO - >>>>>>>>>>>>>>>>>>>>>>>>>>>>>>>>>>>>>>>>>>>>>>>>>>>>>>>>>>>> Training data <<<<<<<<<<<<<<<<<<<<<<<<<<<<<<<<<<<<<<<<<<<<<<<<<<<<<<<<<<<<
[2023-07-16 14:17:18,088] root - INFO - Feature Enineering - Train Data 
[2023-07-16 14:17:18,089] root - INFO - numerical_columns: ['Gender', 'Customer Type', 'Age', 'Type of Travel', 'Class', 'Flight Distance', 'Inflight wifi service', 'Departure/Arrival time convenient', 'Ease of Online booking', 'Food and drink', 'Online boarding', 'Seat comfort', 'Inflight entertainment', 'On-board service', 'Leg room service', 'Baggage handling', 'Checkin service', 'Inflight service', 'Cleanliness', 'satisfaction']
[2023-07-16 14:17:18,089] root - INFO - categorical_columns: ['Gender', 'Customer Type', 'Type of Travel', 'Class']
[2023-07-16 14:17:18,090] root - INFO - columns in dataframe are: Index(['Gender', 'Customer Type', 'Age', 'Type of Travel', 'Class',
       'Flight Distance', 'Inflight wifi service',
       'Departure/Arrival time convenient', 'Ease of Online booking',
       'Food and drink', 'Online boarding', 'Seat comfort',
       'Inflight entertainment', 'On-board service', 'Leg room service',
       'Baggage handling', 'Checkin service', 'Inflight service',
       'Cleanliness', 'satisfaction'],
      dtype='object')
[2023-07-16 14:17:18,170] root - INFO - Outlier capped in train df
[2023-07-16 14:17:18,170] root - INFO - >>>>>>>>>>>>>>>>>>>>>>>>>>>>>>>>>>>>>>>>>>>>>>>>>>>>>>>>>>>> Test data <<<<<<<<<<<<<<<<<<<<<<<<<<<<<<<<<<<<<<<<<<<<<<<<<<<<<<<<<<<<
[2023-07-16 14:17:18,171] root - INFO - Feature Enineering - Test Data 
[2023-07-16 14:17:18,172] root - INFO - numerical_columns: ['Gender', 'Customer Type', 'Age', 'Type of Travel', 'Class', 'Flight Distance', 'Inflight wifi service', 'Departure/Arrival time convenient', 'Ease of Online booking', 'Food and drink', 'Online boarding', 'Seat comfort', 'Inflight entertainment', 'On-board service', 'Leg room service', 'Baggage handling', 'Checkin service', 'Inflight service', 'Cleanliness', 'satisfaction']
[2023-07-16 14:17:18,172] root - INFO - categorical_columns: ['Gender', 'Customer Type', 'Type of Travel', 'Class']
[2023-07-16 14:17:18,172] root - INFO - columns in dataframe are: Index(['Gender', 'Customer Type', 'Age', 'Type of Travel', 'Class',
       'Flight Distance', 'Inflight wifi service',
       'Departure/Arrival time convenient', 'Ease of Online booking',
       'Food and drink', 'Online boarding', 'Seat comfort',
       'Inflight entertainment', 'On-board service', 'Leg room service',
       'Baggage handling', 'Checkin service', 'Inflight service',
       'Cleanliness', 'satisfaction'],
      dtype='object')
[2023-07-16 14:17:18,207] root - INFO - Outlier capped in train df
[2023-07-16 14:17:18,667] root - INFO - Saving csv to train_data.csv
[2023-07-16 14:17:18,778] root - INFO - Saving csv to test_data.csv
[2023-07-16 14:17:18,778] root - INFO - Saving csv to train_data and test_data.csv
[2023-07-16 14:17:18,778] root - INFO -  Data Transformation Started
[2023-07-16 14:17:18,778] root - INFO - shape of (103577, 20) and (25910, 20)
[2023-07-16 14:17:18,789] root - INFO - shape of (103577, 19) and (25910, 19)
[2023-07-16 14:17:18,789] root - INFO - shape of (103577,) and (25910,)
[2023-07-16 14:17:19,176] root - INFO - Applying preprocessing object on training and testing datasets.
[2023-07-16 14:17:19,177] root - INFO - shape of (103577, 21) and (25910, 21)
[2023-07-16 14:17:19,177] root - INFO - shape of (103577,) and (25910,)
[2023-07-16 14:17:19,177] root - INFO - transformation completed
[2023-07-16 14:17:19,186] root - INFO - train_arr, test_arr completed
[2023-07-16 14:17:19,186] root - INFO - train arr , test arr
[2023-07-16 14:17:19,189] root - INFO - converting train_arr and test_arr to dataframe
[2023-07-16 14:17:21,867] root - INFO - transformed_train_path
[2023-07-16 14:17:21,867] root - INFO - transformed dataset columns : RangeIndex(start=0, stop=22, step=1)
[2023-07-16 14:17:22,472] root - INFO - Preprocessor file saved
[2023-07-16 14:17:22,472] root - INFO - Feature eng file saved
[2023-07-16 14:17:22,473] root - INFO - Data Transformation Completed
[2023-07-16 14:17:22,475] root - INFO - Spitting our dataset into Dependebt and independent features
[2023-07-16 14:29:14,270] root - INFO - Best Model Found,Model is:Logistic,Accuracy_Score:0.8695870320339637
[2023-07-16 14:29:14,291] werkzeug - WARNING -  * Debugger is active!
[2023-07-16 14:29:14,680] werkzeug - INFO -  * Debugger PIN: 137-731-890
[2023-07-16 17:37:10,939] werkzeug - INFO - 127.0.0.1 - - [16/Jul/2023 17:37:10] "GET / HTTP/1.1" 200 -
[2023-07-16 17:37:16,678] werkzeug - INFO - 127.0.0.1 - - [16/Jul/2023 17:37:16] "GET /batch HTTP/1.1" 200 -
[2023-07-16 17:37:23,041] werkzeug - INFO - 127.0.0.1 - - [16/Jul/2023 17:37:23] "[33mGET /train HTTP/1.1[0m" 404 -
[2023-07-16 17:37:49,430] root - INFO - CSV received and Uploaded
[2023-07-16 17:37:49,431] root - INFO - loading saved pipeline
[2023-07-16 17:37:49,496] root - INFO - Feature eng Object acessed :A:\Projects Machine Learning\Internship SA\Airline\Passenger-Satisfaction-Prediction\artifacts\data_transformation\preprocessed\feature_eng.pkl
[2023-07-16 17:37:49,644] root - INFO - preprocessor  Object acessed:A:\Projects Machine Learning\Internship SA\Airline\Passenger-Satisfaction-Prediction\artifacts\data_transformation\preprocessed\preprocessor.pkl
[2023-07-16 17:37:49,676] root - INFO - Model File Path: A:\Projects Machine Learning\Internship SA\Airline\Passenger-Satisfaction-Prediction\artifacts\model_trainer\model.pkl
[2023-07-16 17:37:49,676] root - INFO - Feature eng Object acessed :A:\Projects Machine Learning\Internship SA\Airline\Passenger-Satisfaction-Prediction\artifacts\data_transformation\preprocessed\feature_eng.pkl
[2023-07-16 17:37:49,677] root - INFO - Preprocessor  Object acessed :A:\Projects Machine Learning\Internship SA\Airline\Passenger-Satisfaction-Prediction\artifacts\data_transformation\preprocessed\preprocessor.pkl
[2023-07-16 17:37:49,677] root - INFO - Model File Path: A:\Projects Machine Learning\Internship SA\Airline\Passenger-Satisfaction-Prediction\artifacts\model_trainer\model.pkl
[2023-07-16 17:37:50,710] root - INFO - numerical_columns: ['Unnamed: 0', 'id', 'Gender', 'Customer Type', 'Age', 'Type of Travel', 'Class', 'Flight Distance', 'Inflight wifi service', 'Departure/Arrival time convenient', 'Ease of Online booking', 'Gate location', 'Food and drink', 'Online boarding', 'Seat comfort', 'Inflight entertainment', 'On-board service', 'Leg room service', 'Baggage handling', 'Checkin service', 'Inflight service', 'Cleanliness', 'Departure Delay in Minutes', 'Arrival Delay in Minutes', 'satisfaction']
[2023-07-16 17:37:50,710] root - INFO - categorical_columns: ['Gender', 'Customer Type', 'Type of Travel', 'Class', 'satisfaction']
[2023-07-16 17:37:50,711] root - INFO - columns in dataframe are: Index(['Unnamed: 0', 'id', 'Gender', 'Customer Type', 'Age', 'Type of Travel',
       'Class', 'Flight Distance', 'Inflight wifi service',
       'Departure/Arrival time convenient', 'Ease of Online booking',
       'Gate location', 'Food and drink', 'Online boarding', 'Seat comfort',
       'Inflight entertainment', 'On-board service', 'Leg room service',
       'Baggage handling', 'Checkin service', 'Inflight service',
       'Cleanliness', 'Departure Delay in Minutes', 'Arrival Delay in Minutes',
       'satisfaction'],
      dtype='object')
[2023-07-16 17:37:50,838] root - INFO - Outlier capped in train df
[2023-07-16 17:37:53,007] root - INFO - Feature-engineered batch data saved as CSV.
[2023-07-16 17:37:54,196] root - INFO - Columns before transformation: Unnamed: 0: int64, id: int64, Gender: object, Customer Type: object, Age: int64, Type of Travel: object, Class: object, Flight Distance: float64, Inflight wifi service: int64, Departure/Arrival time convenient: int64, Ease of Online booking: int64, Gate location: int64, Food and drink: int64, Online boarding: int64, Seat comfort: float64, Inflight entertainment: int64, On-board service: int64, Leg room service: int64, Baggage handling: int64, Checkin service: float64, Inflight service: int64, Cleanliness: int64, Departure Delay in Minutes: int64, Arrival Delay in Minutes: float64
[2023-07-16 17:37:54,386] root - INFO - Transformed Data Shape: (103904, 21)
[2023-07-16 17:37:54,387] root - INFO - Loaded numpy from batch prediciton :[[-1.7461616  -0.73459759  0.20625268 ...  0.          0.
   3.85569742]
 [-0.95255255 -0.96266907  0.20625268 ...  2.00192827  0.
   0.        ]
 [-0.88641846 -0.04328759 -0.54578147 ...  2.00192827  0.
   0.        ]
 ...
 [-0.62188211  0.82135674 -1.29781562 ...  2.00192827  0.
   0.        ]
 [-1.15095481 -0.18722603 -1.29781562 ...  0.          2.01031485
   0.        ]
 [-0.82028437  0.54564366 -1.29781562 ...  2.00192827  0.
   0.        ]]
[2023-07-16 17:37:54,387] root - INFO - Model Data Type : <class 'sklearn.linear_model._logistic.LogisticRegression'>
[2023-07-16 17:37:54,414] root - INFO - Predictions done :[0. 0. 1. ... 0. 0. 0.]
[2023-07-16 17:37:54,561] root - INFO - Batch predictions saved to 'A:\Projects Machine Learning\Internship SA\Airline\Passenger-Satisfaction-Prediction\batch_Prediction\prediction_csv\predictions.csv'.
[2023-07-16 17:37:54,571] werkzeug - INFO - 127.0.0.1 - - [16/Jul/2023 17:37:54] "POST /batch HTTP/1.1" 200 -
[2023-07-16 17:40:40,713] werkzeug - INFO -  * Detected change in 'A:\\Projects Machine Learning\\Internship SA\\Airline\\Passenger-Satisfaction-Prediction\\src\\components\\data_transformation.py', reloading
