[2023-07-09 00:41:02,859] root - INFO - converting data into Dataframe
[2023-07-09 00:41:04,838] root - INFO - data ingestion started
[2023-07-09 00:41:04,839] root - INFO - data set path : A:\Projects Machine Learning\Internship SA\Airline\Passenger-Satisfaction-Prediction\notebook\data\airline_dataset.csv
[2023-07-09 00:41:05,342] root - INFO - dataset columns :{df.columns} 
[2023-07-09 00:41:06,909] root - INFO - dataset in raw data dir
[2023-07-09 00:41:06,909] root - INFO - train test split
[2023-07-09 00:41:07,983] root - INFO - train data path : A:\Projects Machine Learning\Internship SA\Airline\Passenger-Satisfaction-Prediction\artifacts\data_ingestion\2023-07-09 00-41-02\ingested_dir\train.csv
[2023-07-09 00:41:08,205] root - INFO - train data path : A:\Projects Machine Learning\Internship SA\Airline\Passenger-Satisfaction-Prediction\artifacts\data_ingestion\2023-07-09 00-41-02\ingested_dir\test.csv
[2023-07-09 00:41:08,206] root - INFO - data ingestion done 
[2023-07-09 00:41:08,954] root - INFO - Read train and test data completed
[2023-07-09 00:41:08,968] root - INFO - Train Dataframe Head : 
   Gender      Customer Type  Age   Type of Travel     Class  Flight Distance  Inflight wifi service  Departure/Arrival time convenient  Ease of Online booking  Food and drink  Online boarding  Seat comfort  Inflight entertainment  On-board service  Leg room service  Baggage handling  Checkin service  Inflight service  Cleanliness  satisfaction
0  Female     Loyal Customer   64  Personal Travel  Business              965                      3                                  5                       3               5                5             5                       1                 1                 3                 1                5                 1            5             0
1    Male  disloyal Customer   26  Business travel  Business              592                      2                                  1                       1               3                1             3                       3                 5                 4                 5                4                 4            3             0
2  Female     Loyal Customer    8  Personal Travel       Eco              993                      3                                  4                       3               4                3             4                       4                 4                 5                 5                4                 4            4             0
3    Male     Loyal Customer   41  Business travel  Business             2223                      4                                  4                       4               1                2             4                       5                 5                 5                 5                5                 5            1             1
4  Female  disloyal Customer   19  Business travel       Eco             1235                      4                                  4                       4               3                4             3                       3                 1                 2                 4                1                 4            3             0
[2023-07-09 00:41:08,978] root - INFO - Test Dataframe Head  : 
   Gender   Customer Type  Age   Type of Travel     Class  Flight Distance  Inflight wifi service  Departure/Arrival time convenient  Ease of Online booking  Food and drink  Online boarding  Seat comfort  Inflight entertainment  On-board service  Leg room service  Baggage handling  Checkin service  Inflight service  Cleanliness  satisfaction
0    Male  Loyal Customer   66  Personal Travel       Eco             1678                      3                                  2                       3               4                3             4                       4                 4                 3                 2                3                 2            4             0
1  Female  Loyal Customer   38  Business travel  Business              954                      2                                  2                       2               2                3             1                       4                 4                 4                 4                2                 4            4             1
2  Female  Loyal Customer   38  Business travel       Eco              189                      2                                  1                       1               2                2             2                       2                 1                 2                 4                1                 4            2             0
3  Female  Loyal Customer   32  Personal Travel       Eco              175                      2                                  5                       2               1                2             1                       1                 3                 5                 4                5                 4            1             0
4    Male  Loyal Customer   33  Business travel  Business             1990                      5                                  5                       5               4                4             4                       4                 4                 1                 5                5                 1            4             1
[2023-07-09 00:41:08,979] root - INFO - columns in dataframe are: Index(['Gender', 'Customer Type', 'Age', 'Type of Travel', 'Class',
       'Flight Distance', 'Inflight wifi service',
       'Departure/Arrival time convenient', 'Ease of Online booking',
       'Food and drink', 'Online boarding', 'Seat comfort',
       'Inflight entertainment', 'On-board service', 'Leg room service',
       'Baggage handling', 'Checkin service', 'Inflight service',
       'Cleanliness', 'satisfaction'],
      dtype='object')
[2023-07-09 00:41:08,985] root - INFO - Catogorical columns in dataframe are: ['Gender', 'Customer Type', 'Type of Travel', 'Class']
[2023-07-09 00:41:09,011] root - INFO - Numerical columns in dataframe are: ['Age', 'Flight Distance', 'Inflight wifi service', 'Departure/Arrival time convenient', 'Ease of Online booking', 'Food and drink', 'Online boarding', 'Seat comfort', 'Inflight entertainment', 'On-board service', 'Leg room service', 'Baggage handling', 'Checkin service', 'Inflight service', 'Cleanliness', 'satisfaction']
[2023-07-09 00:41:09,013] root - INFO - columns in dataframe are: Gender                               object
Customer Type                        object
Age                                   int64
Type of Travel                       object
Class                                object
Flight Distance                       int64
Inflight wifi service                 int64
Departure/Arrival time convenient     int64
Ease of Online booking                int64
Food and drink                        int64
Online boarding                       int64
Seat comfort                          int64
Inflight entertainment                int64
On-board service                      int64
Leg room service                      int64
Baggage handling                      int64
Checkin service                       int64
Inflight service                      int64
Cleanliness                           int64
satisfaction                          int64
dtype: object
[2023-07-09 00:41:09,013] root - INFO - Obtaining feature engineering object.
[2023-07-09 00:41:09,013] root - INFO - 
******************** Feature Engneering Started ********************


[2023-07-09 00:41:09,013] root - INFO - Obtaining feature engineering object.
[2023-07-09 00:41:09,014] root - INFO - 
******************** Feature Engneering Started ********************


[2023-07-09 00:41:09,014] root - INFO - Applying feature engineering object on training dataframe and testing dataframe
[2023-07-09 00:41:09,014] root - INFO - >>>>>>>>>>>>>>>>>>>>>>>>>>>>>>>>>>>>>>>>>>>>>>>>>>>>>>>>>>>> Training data <<<<<<<<<<<<<<<<<<<<<<<<<<<<<<<<<<<<<<<<<<<<<<<<<<<<<<<<<<<<
[2023-07-09 00:41:09,014] root - INFO - Feature Enineering - Train Data 
[2023-07-09 00:41:09,016] root - INFO - numerical_columns: ['Gender', 'Customer Type', 'Age', 'Type of Travel', 'Class', 'Flight Distance', 'Inflight wifi service', 'Departure/Arrival time convenient', 'Ease of Online booking', 'Food and drink', 'Online boarding', 'Seat comfort', 'Inflight entertainment', 'On-board service', 'Leg room service', 'Baggage handling', 'Checkin service', 'Inflight service', 'Cleanliness', 'satisfaction']
[2023-07-09 00:41:09,017] root - INFO - categorical_columns: ['Gender', 'Customer Type', 'Type of Travel', 'Class']
[2023-07-09 00:41:09,018] root - INFO - columns in dataframe are: Index(['Gender', 'Customer Type', 'Age', 'Type of Travel', 'Class',
       'Flight Distance', 'Inflight wifi service',
       'Departure/Arrival time convenient', 'Ease of Online booking',
       'Food and drink', 'Online boarding', 'Seat comfort',
       'Inflight entertainment', 'On-board service', 'Leg room service',
       'Baggage handling', 'Checkin service', 'Inflight service',
       'Cleanliness', 'satisfaction'],
      dtype='object')
[2023-07-09 00:41:09,169] root - INFO - Outlier capped in train df
[2023-07-09 00:41:09,169] root - INFO - >>>>>>>>>>>>>>>>>>>>>>>>>>>>>>>>>>>>>>>>>>>>>>>>>>>>>>>>>>>> Test data <<<<<<<<<<<<<<<<<<<<<<<<<<<<<<<<<<<<<<<<<<<<<<<<<<<<<<<<<<<<
[2023-07-09 00:41:09,169] root - INFO - Feature Enineering - Test Data 
[2023-07-09 00:41:09,170] root - INFO - numerical_columns: ['Gender', 'Customer Type', 'Age', 'Type of Travel', 'Class', 'Flight Distance', 'Inflight wifi service', 'Departure/Arrival time convenient', 'Ease of Online booking', 'Food and drink', 'Online boarding', 'Seat comfort', 'Inflight entertainment', 'On-board service', 'Leg room service', 'Baggage handling', 'Checkin service', 'Inflight service', 'Cleanliness', 'satisfaction']
[2023-07-09 00:41:09,170] root - INFO - categorical_columns: ['Gender', 'Customer Type', 'Type of Travel', 'Class']
[2023-07-09 00:41:09,170] root - INFO - columns in dataframe are: Index(['Gender', 'Customer Type', 'Age', 'Type of Travel', 'Class',
       'Flight Distance', 'Inflight wifi service',
       'Departure/Arrival time convenient', 'Ease of Online booking',
       'Food and drink', 'Online boarding', 'Seat comfort',
       'Inflight entertainment', 'On-board service', 'Leg room service',
       'Baggage handling', 'Checkin service', 'Inflight service',
       'Cleanliness', 'satisfaction'],
      dtype='object')
[2023-07-09 00:41:09,235] root - INFO - Outlier capped in train df
[2023-07-09 00:41:10,177] root - INFO - Saving csv to train_data.csv
[2023-07-09 00:41:10,343] root - INFO - Saving csv to test_data.csv
[2023-07-09 00:41:10,343] root - INFO - Saving csv to train_data and test_data.csv
[2023-07-09 00:41:10,343] root - INFO -  Data Transformation Started
[2023-07-09 00:41:10,343] root - INFO - shape of (103577, 20) and (25910, 20)
[2023-07-09 00:41:10,359] root - INFO - shape of (103577, 19) and (25910, 19)
[2023-07-09 00:41:10,359] root - INFO - shape of (103577,) and (25910,)
[2023-07-09 00:41:10,939] root - INFO - Applying preprocessing object on training and testing datasets.
[2023-07-09 00:41:10,939] root - INFO - shape of (103577, 21) and (25910, 21)
[2023-07-09 00:41:10,939] root - INFO - shape of (103577,) and (25910,)
[2023-07-09 00:41:10,939] root - INFO - transformation completed
[2023-07-09 00:41:10,950] root - INFO - train_arr, test_arr completed
[2023-07-09 00:41:10,950] root - INFO - train arr , test arr
[2023-07-09 00:41:10,952] root - INFO - converting train_arr and test_arr to dataframe
[2023-07-09 00:41:14,807] root - INFO - transformed_train_path
[2023-07-09 00:41:14,807] root - INFO - transformed dataset columns : RangeIndex(start=0, stop=22, step=1)
[2023-07-09 00:41:15,904] root - INFO - Preprocessor file saved
[2023-07-09 00:41:15,905] root - INFO - Feature eng file saved
[2023-07-09 00:41:15,905] root - INFO - Data Transformation Completed
[2023-07-09 00:41:15,908] root - INFO - Spitting our dataset into Dependebt and independent features
[2023-07-09 00:56:10,103] root - INFO - Best Model Found,Model is:Logistic,Accuracy_Score:0.8695870320339637
[2023-07-09 00:56:10,321] werkzeug - WARNING -  * Debugger is active!
[2023-07-09 00:56:10,417] werkzeug - INFO -  * Debugger PIN: 874-974-148
[2023-07-09 00:56:10,985] werkzeug - INFO - 127.0.0.1 - - [09/Jul/2023 00:56:10] "GET /train HTTP/1.1" 200 -
[2023-07-09 00:56:11,132] werkzeug - INFO - 127.0.0.1 - - [09/Jul/2023 00:56:11] "GET / HTTP/1.1" 200 -
[2023-07-09 00:56:11,135] werkzeug - INFO - 127.0.0.1 - - [09/Jul/2023 00:56:11] "GET / HTTP/1.1" 200 -
[2023-07-09 00:56:11,680] werkzeug - INFO - 127.0.0.1 - - [09/Jul/2023 00:56:11] "[35m[1mPOST /predict HTTP/1.1[0m" 500 -
[2023-07-09 01:44:32,940] werkzeug - INFO - 127.0.0.1 - - [09/Jul/2023 01:44:32] "GET / HTTP/1.1" 200 -
[2023-07-09 01:44:41,555] werkzeug - INFO - 127.0.0.1 - - [09/Jul/2023 01:44:41] "GET /predict HTTP/1.1" 200 -
[2023-07-09 01:45:09,214] werkzeug - INFO - 127.0.0.1 - - [09/Jul/2023 01:45:09] "[35m[1mPOST /predict HTTP/1.1[0m" 500 -
[2023-07-09 01:45:10,016] werkzeug - INFO - 127.0.0.1 - - [09/Jul/2023 01:45:10] "[36mGET /predict?__debugger__=yes&cmd=resource&f=style.css HTTP/1.1[0m" 304 -
[2023-07-09 01:45:10,040] werkzeug - INFO - 127.0.0.1 - - [09/Jul/2023 01:45:10] "[36mGET /predict?__debugger__=yes&cmd=resource&f=debugger.js HTTP/1.1[0m" 304 -
[2023-07-09 01:45:10,433] werkzeug - INFO - 127.0.0.1 - - [09/Jul/2023 01:45:10] "[36mGET /predict?__debugger__=yes&cmd=resource&f=console.png HTTP/1.1[0m" 304 -
[2023-07-09 01:45:10,692] werkzeug - INFO - 127.0.0.1 - - [09/Jul/2023 01:45:10] "[36mGET /predict?__debugger__=yes&cmd=resource&f=console.png HTTP/1.1[0m" 304 -
[2023-07-09 01:45:34,865] werkzeug - INFO - 127.0.0.1 - - [09/Jul/2023 01:45:34] "GET /train HTTP/1.1" 200 -
[2023-07-09 01:45:37,254] root - ERROR - 'Train' object has no attribute 'main'
[2023-07-09 01:45:37,255] werkzeug - INFO - 127.0.0.1 - - [09/Jul/2023 01:45:37] "POST /train HTTP/1.1" 200 -
[2023-07-09 01:45:49,170] werkzeug - INFO - 127.0.0.1 - - [09/Jul/2023 01:45:49] "GET /batch HTTP/1.1" 200 -
[2023-07-09 01:45:57,675] werkzeug - INFO - 127.0.0.1 - - [09/Jul/2023 01:45:57] "GET /train HTTP/1.1" 200 -
[2023-07-09 01:45:59,010] root - ERROR - 'Train' object has no attribute 'main'
[2023-07-09 01:45:59,012] werkzeug - INFO - 127.0.0.1 - - [09/Jul/2023 01:45:59] "POST /train HTTP/1.1" 200 -
[2023-07-09 02:42:34,017] werkzeug - INFO - 127.0.0.1 - - [09/Jul/2023 02:42:34] "GET / HTTP/1.1" 200 -
[2023-07-09 02:42:39,759] werkzeug - INFO - 127.0.0.1 - - [09/Jul/2023 02:42:39] "GET /train HTTP/1.1" 200 -
[2023-07-09 02:42:41,356] root - ERROR - 'Train' object has no attribute 'main'
[2023-07-09 02:42:41,357] werkzeug - INFO - 127.0.0.1 - - [09/Jul/2023 02:42:41] "POST /train HTTP/1.1" 200 -
[2023-07-09 02:42:44,205] werkzeug - INFO - 127.0.0.1 - - [09/Jul/2023 02:42:44] "GET /predict HTTP/1.1" 200 -
[2023-07-09 02:42:49,650] werkzeug - INFO - 127.0.0.1 - - [09/Jul/2023 02:42:49] "GET /train HTTP/1.1" 200 -
[2023-07-09 02:42:50,834] root - ERROR - 'Train' object has no attribute 'main'
[2023-07-09 02:42:50,835] werkzeug - INFO - 127.0.0.1 - - [09/Jul/2023 02:42:50] "POST /train HTTP/1.1" 200 -
[2023-07-09 02:42:52,143] werkzeug - INFO - 127.0.0.1 - - [09/Jul/2023 02:42:52] "GET /predict HTTP/1.1" 200 -
[2023-07-09 02:43:25,573] werkzeug - INFO - 127.0.0.1 - - [09/Jul/2023 02:43:25] "[35m[1mPOST /predict HTTP/1.1[0m" 500 -
[2023-07-09 02:43:25,619] werkzeug - INFO - 127.0.0.1 - - [09/Jul/2023 02:43:25] "[36mGET /predict?__debugger__=yes&cmd=resource&f=style.css HTTP/1.1[0m" 304 -
[2023-07-09 02:43:25,748] werkzeug - INFO - 127.0.0.1 - - [09/Jul/2023 02:43:25] "[36mGET /predict?__debugger__=yes&cmd=resource&f=debugger.js HTTP/1.1[0m" 304 -
[2023-07-09 02:43:26,097] werkzeug - INFO - 127.0.0.1 - - [09/Jul/2023 02:43:26] "[36mGET /predict?__debugger__=yes&cmd=resource&f=console.png HTTP/1.1[0m" 304 -
[2023-07-09 02:43:26,356] werkzeug - INFO - 127.0.0.1 - - [09/Jul/2023 02:43:26] "[36mGET /predict?__debugger__=yes&cmd=resource&f=console.png HTTP/1.1[0m" 304 -
