[2023-07-19 17:34:29,368] root - INFO - converting data into Dataframe
[2023-07-19 17:34:30,121] root - INFO - data ingestion started
[2023-07-19 17:34:30,121] root - INFO - data set path : A:\Projects Machine Learning\Internship SA\Airline\Passenger-Satisfaction-Prediction\notebook\data\airline_dataset.csv
[2023-07-19 17:34:30,405] root - INFO - dataset columns :{df.columns} 
[2023-07-19 17:34:31,119] root - INFO - dataset in raw data dir
[2023-07-19 17:34:31,119] root - INFO - train test split
[2023-07-19 17:34:31,879] root - INFO - train data path : A:\Projects Machine Learning\Internship SA\Airline\Passenger-Satisfaction-Prediction\artifacts\data_ingestion\2023-07-19 17-34-29\ingested_dir\train.csv
[2023-07-19 17:34:32,020] root - INFO - train data path : A:\Projects Machine Learning\Internship SA\Airline\Passenger-Satisfaction-Prediction\artifacts\data_ingestion\2023-07-19 17-34-29\ingested_dir\test.csv
[2023-07-19 17:34:32,020] root - INFO - data ingestion done 
[2023-07-19 17:34:32,442] root - INFO - Read train and test data completed
[2023-07-19 17:34:32,448] root - INFO - Train Dataframe Head : 
   Gender      Customer Type  Age   Type of Travel     Class  Flight Distance  Inflight wifi service  Departure/Arrival time convenient  Ease of Online booking  Food and drink  Online boarding  Seat comfort  Inflight entertainment  On-board service  Leg room service  Baggage handling  Checkin service  Inflight service  Cleanliness  satisfaction
0  Female     Loyal Customer   64  Personal Travel  Business              965                      3                                  5                       3               5                5             5                       1                 1                 3                 1                5                 1            5             0
1    Male  disloyal Customer   26  Business travel  Business              592                      2                                  1                       1               3                1             3                       3                 5                 4                 5                4                 4            3             0
2  Female     Loyal Customer    8  Personal Travel       Eco              993                      3                                  4                       3               4                3             4                       4                 4                 5                 5                4                 4            4             0
3    Male     Loyal Customer   41  Business travel  Business             2223                      4                                  4                       4               1                2             4                       5                 5                 5                 5                5                 5            1             1
4  Female  disloyal Customer   19  Business travel       Eco             1235                      4                                  4                       4               3                4             3                       3                 1                 2                 4                1                 4            3             0
[2023-07-19 17:34:32,451] root - INFO - Test Dataframe Head  : 
   Gender   Customer Type  Age   Type of Travel     Class  Flight Distance  Inflight wifi service  Departure/Arrival time convenient  Ease of Online booking  Food and drink  Online boarding  Seat comfort  Inflight entertainment  On-board service  Leg room service  Baggage handling  Checkin service  Inflight service  Cleanliness  satisfaction
0    Male  Loyal Customer   66  Personal Travel       Eco             1678                      3                                  2                       3               4                3             4                       4                 4                 3                 2                3                 2            4             0
1  Female  Loyal Customer   38  Business travel  Business              954                      2                                  2                       2               2                3             1                       4                 4                 4                 4                2                 4            4             1
2  Female  Loyal Customer   38  Business travel       Eco              189                      2                                  1                       1               2                2             2                       2                 1                 2                 4                1                 4            2             0
3  Female  Loyal Customer   32  Personal Travel       Eco              175                      2                                  5                       2               1                2             1                       1                 3                 5                 4                5                 4            1             0
4    Male  Loyal Customer   33  Business travel  Business             1990                      5                                  5                       5               4                4             4                       4                 4                 1                 5                5                 1            4             1
[2023-07-19 17:34:32,451] root - INFO - columns in dataframe are: Index(['Gender', 'Customer Type', 'Age', 'Type of Travel', 'Class',
       'Flight Distance', 'Inflight wifi service',
       'Departure/Arrival time convenient', 'Ease of Online booking',
       'Food and drink', 'Online boarding', 'Seat comfort',
       'Inflight entertainment', 'On-board service', 'Leg room service',
       'Baggage handling', 'Checkin service', 'Inflight service',
       'Cleanliness', 'satisfaction'],
      dtype='object')
[2023-07-19 17:34:32,455] root - INFO - Catogorical columns in dataframe are: ['Gender', 'Customer Type', 'Type of Travel', 'Class']
[2023-07-19 17:34:32,467] root - INFO - Numerical columns in dataframe are: ['Age', 'Flight Distance', 'Inflight wifi service', 'Departure/Arrival time convenient', 'Ease of Online booking', 'Food and drink', 'Online boarding', 'Seat comfort', 'Inflight entertainment', 'On-board service', 'Leg room service', 'Baggage handling', 'Checkin service', 'Inflight service', 'Cleanliness', 'satisfaction']
[2023-07-19 17:34:32,468] root - INFO - columns in dataframe are: Gender                               object
Customer Type                        object
Age                                   int64
Type of Travel                       object
Class                                object
Flight Distance                       int64
Inflight wifi service                 int64
Departure/Arrival time convenient     int64
Ease of Online booking                int64
Food and drink                        int64
Online boarding                       int64
Seat comfort                          int64
Inflight entertainment                int64
On-board service                      int64
Leg room service                      int64
Baggage handling                      int64
Checkin service                       int64
Inflight service                      int64
Cleanliness                           int64
satisfaction                          int64
dtype: object
[2023-07-19 17:34:32,468] root - INFO - Obtaining feature engineering object.
[2023-07-19 17:34:32,468] root - INFO - 
******************** Feature Engneering Started ********************


[2023-07-19 17:34:32,468] root - INFO - Obtaining feature engineering object.
[2023-07-19 17:34:32,468] root - INFO - 
******************** Feature Engneering Started ********************


[2023-07-19 17:34:32,468] root - INFO - Applying feature engineering object on training dataframe and testing dataframe
[2023-07-19 17:34:32,468] root - INFO - >>>>>>>>>>>>>>>>>>>>>>>>>>>>>>>>>>>>>>>>>>>>>>>>>>>>>>>>>>>> Training data <<<<<<<<<<<<<<<<<<<<<<<<<<<<<<<<<<<<<<<<<<<<<<<<<<<<<<<<<<<<
[2023-07-19 17:34:32,468] root - INFO - Feature Enineering - Train Data 
[2023-07-19 17:34:32,470] root - INFO - numerical_columns: ['Gender', 'Customer Type', 'Age', 'Type of Travel', 'Class', 'Flight Distance', 'Inflight wifi service', 'Departure/Arrival time convenient', 'Ease of Online booking', 'Food and drink', 'Online boarding', 'Seat comfort', 'Inflight entertainment', 'On-board service', 'Leg room service', 'Baggage handling', 'Checkin service', 'Inflight service', 'Cleanliness', 'satisfaction']
[2023-07-19 17:34:32,470] root - INFO - categorical_columns: ['Gender', 'Customer Type', 'Type of Travel', 'Class']
[2023-07-19 17:34:32,470] root - INFO - columns in dataframe are: Index(['Gender', 'Customer Type', 'Age', 'Type of Travel', 'Class',
       'Flight Distance', 'Inflight wifi service',
       'Departure/Arrival time convenient', 'Ease of Online booking',
       'Food and drink', 'Online boarding', 'Seat comfort',
       'Inflight entertainment', 'On-board service', 'Leg room service',
       'Baggage handling', 'Checkin service', 'Inflight service',
       'Cleanliness', 'satisfaction'],
      dtype='object')
[2023-07-19 17:34:32,547] root - INFO - Outlier capped in train df
[2023-07-19 17:34:32,547] root - INFO - >>>>>>>>>>>>>>>>>>>>>>>>>>>>>>>>>>>>>>>>>>>>>>>>>>>>>>>>>>>> Test data <<<<<<<<<<<<<<<<<<<<<<<<<<<<<<<<<<<<<<<<<<<<<<<<<<<<<<<<<<<<
[2023-07-19 17:34:32,547] root - INFO - Feature Enineering - Test Data 
[2023-07-19 17:34:32,548] root - INFO - numerical_columns: ['Gender', 'Customer Type', 'Age', 'Type of Travel', 'Class', 'Flight Distance', 'Inflight wifi service', 'Departure/Arrival time convenient', 'Ease of Online booking', 'Food and drink', 'Online boarding', 'Seat comfort', 'Inflight entertainment', 'On-board service', 'Leg room service', 'Baggage handling', 'Checkin service', 'Inflight service', 'Cleanliness', 'satisfaction']
[2023-07-19 17:34:32,548] root - INFO - categorical_columns: ['Gender', 'Customer Type', 'Type of Travel', 'Class']
[2023-07-19 17:34:32,548] root - INFO - columns in dataframe are: Index(['Gender', 'Customer Type', 'Age', 'Type of Travel', 'Class',
       'Flight Distance', 'Inflight wifi service',
       'Departure/Arrival time convenient', 'Ease of Online booking',
       'Food and drink', 'Online boarding', 'Seat comfort',
       'Inflight entertainment', 'On-board service', 'Leg room service',
       'Baggage handling', 'Checkin service', 'Inflight service',
       'Cleanliness', 'satisfaction'],
      dtype='object')
[2023-07-19 17:34:32,585] root - INFO - Outlier capped in train df
[2023-07-19 17:34:33,172] root - INFO - Saving csv to train_data.csv
[2023-07-19 17:34:33,296] root - INFO - Saving csv to test_data.csv
[2023-07-19 17:34:33,296] root - INFO - Saving csv to train_data and test_data.csv
[2023-07-19 17:34:33,296] root - INFO -  Data Transformation Started
[2023-07-19 17:34:33,297] root - INFO - shape of (103577, 20) and (25910, 20)
[2023-07-19 17:34:33,306] root - INFO - shape of (103577, 19) and (25910, 19)
[2023-07-19 17:34:33,307] root - INFO - shape of (103577,) and (25910,)
[2023-07-19 17:34:33,788] root - INFO - Applying preprocessing object on training and testing datasets.
[2023-07-19 17:34:33,788] root - INFO - shape of (103577, 21) and (25910, 21)
[2023-07-19 17:34:33,788] root - INFO - shape of (103577,) and (25910,)
[2023-07-19 17:34:33,788] root - INFO - transformation completed
[2023-07-19 17:34:33,801] root - INFO - train_arr, test_arr completed
[2023-07-19 17:34:33,801] root - INFO - train arr , test arr
[2023-07-19 17:34:33,805] root - INFO - converting train_arr and test_arr to dataframe
[2023-07-19 17:34:37,544] root - INFO - transformed_train_path
[2023-07-19 17:34:37,544] root - INFO - transformed dataset columns : RangeIndex(start=0, stop=22, step=1)
[2023-07-19 17:34:38,624] root - INFO - Preprocessor file saved
[2023-07-19 17:34:38,625] root - INFO - Feature eng file saved
[2023-07-19 17:34:38,625] root - INFO - Data Transformation Completed
[2023-07-19 17:34:38,628] root - INFO - Model Training Started
[2023-07-19 17:34:38,628] root - INFO - Spitting our dataset into Dependebt and independent features
[2023-07-19 17:48:43,619] root - INFO - Best Model Found,Model is:Logistic,Accuracy_Score:0.8695870320339637
[2023-07-19 17:48:43,805] werkzeug - WARNING -  * Debugger is active!
[2023-07-19 17:48:43,870] werkzeug - INFO -  * Debugger PIN: 149-099-996
[2023-07-19 17:48:44,762] werkzeug - INFO - 127.0.0.1 - - [19/Jul/2023 17:48:44] "GET / HTTP/1.1" 200 -
[2023-07-19 17:50:00,011] werkzeug - INFO - 127.0.0.1 - - [19/Jul/2023 17:50:00] "GET / HTTP/1.1" 200 -
[2023-07-19 17:50:02,601] werkzeug - INFO - 127.0.0.1 - - [19/Jul/2023 17:50:02] "GET /batch HTTP/1.1" 200 -
[2023-07-19 17:50:36,055] root - INFO - CSV received and Uploaded
[2023-07-19 17:50:36,055] root - INFO - loading saved pipeline
[2023-07-19 17:50:36,085] root - INFO - Feature eng Object acessed :A:\Projects Machine Learning\Internship SA\Airline\Passenger-Satisfaction-Prediction\artifacts\data_transformation\preprocessed\feature_eng.pkl
[2023-07-19 17:50:36,186] root - INFO - preprocessor  Object acessed:A:\Projects Machine Learning\Internship SA\Airline\Passenger-Satisfaction-Prediction\artifacts\data_transformation\preprocessed\preprocessor.pkl
[2023-07-19 17:50:36,217] root - INFO - Model File Path: A:\Projects Machine Learning\Internship SA\Airline\Passenger-Satisfaction-Prediction\artifacts\model_trainer\model.pkl
[2023-07-19 17:50:36,217] root - INFO - Feature eng Object acessed :A:\Projects Machine Learning\Internship SA\Airline\Passenger-Satisfaction-Prediction\artifacts\data_transformation\preprocessed\feature_eng.pkl
[2023-07-19 17:50:36,218] root - INFO - Preprocessor  Object acessed :A:\Projects Machine Learning\Internship SA\Airline\Passenger-Satisfaction-Prediction\artifacts\data_transformation\preprocessed\preprocessor.pkl
[2023-07-19 17:50:36,218] root - INFO - Model File Path: A:\Projects Machine Learning\Internship SA\Airline\Passenger-Satisfaction-Prediction\artifacts\model_trainer\model.pkl
[2023-07-19 17:50:37,367] root - INFO - numerical_columns: ['Unnamed: 0', 'Gender', 'Customer Type', 'Age', 'Type of Travel', 'Class', 'Flight Distance', 'Inflight wifi service', 'Departure/Arrival time convenient', 'Ease of Online booking', 'Food and drink', 'Online boarding', 'Seat comfort', 'Inflight entertainment', 'On-board service', 'Leg room service', 'Baggage handling', 'Checkin service', 'Inflight service', 'Cleanliness', 'satisfaction']
[2023-07-19 17:50:37,367] root - INFO - categorical_columns: ['Gender', 'Customer Type', 'Type of Travel', 'Class']
[2023-07-19 17:50:37,368] root - INFO - columns in dataframe are: Index(['Unnamed: 0', 'Gender', 'Customer Type', 'Age', 'Type of Travel',
       'Class', 'Flight Distance', 'Inflight wifi service',
       'Departure/Arrival time convenient', 'Ease of Online booking',
       'Food and drink', 'Online boarding', 'Seat comfort',
       'Inflight entertainment', 'On-board service', 'Leg room service',
       'Baggage handling', 'Checkin service', 'Inflight service',
       'Cleanliness', 'satisfaction'],
      dtype='object')
[2023-07-19 17:50:37,559] root - INFO - Outlier capped in train df
[2023-07-19 17:50:38,927] root - INFO - Feature-engineered batch data saved as CSV.
[2023-07-19 17:50:39,795] root - INFO - Columns before transformation: Unnamed: 0: int64, Gender: object, Customer Type: object, Age: int64, Type of Travel: object, Class: object, Flight Distance: int64, Inflight wifi service: int64, Departure/Arrival time convenient: int64, Ease of Online booking: int64, Food and drink: int64, Online boarding: int64, Seat comfort: float64, Inflight entertainment: int64, On-board service: int64, Leg room service: int64, Baggage handling: int64, Checkin service: float64, Inflight service: int64, Cleanliness: int64
[2023-07-19 17:50:39,953] root - INFO - Transformed Data Shape: (103577, 21)
[2023-07-19 17:50:39,954] root - INFO - Loaded numpy from batch prediciton :[[ 1.62667687 -0.22270382  0.20625268 ...  2.00192827  0.
   0.        ]
 [-0.88641846 -0.60079565 -0.54578147 ...  2.00192827  0.
   0.        ]
 [-2.07683204 -0.19432159  0.20625268 ...  0.          2.01031485
   0.        ]
 ...
 [-0.1589435  -0.87650874  1.71032099 ...  0.          2.01031485
   0.        ]
 [-1.68002751 -0.84508555  0.95828684 ...  0.          2.01031485
   0.        ]
 [-0.35734576 -0.32204162 -0.54578147 ...  0.          2.01031485
   0.        ]]
[2023-07-19 17:50:39,954] root - INFO - Model Data Type : <class 'sklearn.linear_model._logistic.LogisticRegression'>
[2023-07-19 17:50:39,963] root - INFO - Predictions done :[0. 0. 0. ... 1. 0. 0.]
[2023-07-19 17:50:40,240] root - INFO - Batch predictions saved to 'A:\Projects Machine Learning\Internship SA\Airline\Passenger-Satisfaction-Prediction\batch_Prediction\prediction_csv\predictions.csv'.
[2023-07-19 17:50:40,248] werkzeug - INFO - 127.0.0.1 - - [19/Jul/2023 17:50:40] "POST /batch HTTP/1.1" 200 -
