[2023-06-26 21:06:37,474] root - INFO - data ingestion started
[2023-06-26 21:06:37,474] root - INFO - data set path : A:\Projects Machine Learning\Internship SA\Airline\Passenger-Satisfaction-Prediction\notebook\data\airline_dataset.csv
[2023-06-26 21:06:37,896] root - INFO - dataset columns :{df.columns} 
[2023-06-26 21:06:39,206] root - INFO - dataset in raw data dir
[2023-06-26 21:06:39,206] root - INFO - train test split
[2023-06-26 21:06:40,327] root - INFO - train data path : A:\Projects Machine Learning\Internship SA\Airline\Passenger-Satisfaction-Prediction\artifacts\data_ingestion\2023-06-26 21-06-33\ingested_dir\train.csv
[2023-06-26 21:06:40,524] root - INFO - train data path : A:\Projects Machine Learning\Internship SA\Airline\Passenger-Satisfaction-Prediction\artifacts\data_ingestion\2023-06-26 21-06-33\ingested_dir\test.csv
[2023-06-26 21:06:40,525] root - INFO - data ingestion done 
[2023-06-26 21:06:41,044] root - INFO - Read train and test data completed
[2023-06-26 21:06:41,055] root - INFO - Train Dataframe Head : 
   Unnamed: 0  Gender      Customer Type  Age   Type of Travel     Class  Flight Distance  Inflight wifi service  Departure/Arrival time convenient  Ease of Online booking  Gate location  Food and drink  Online boarding  Seat comfort  Inflight entertainment  On-board service  Leg room service  Baggage handling  Checkin service  Inflight service  Cleanliness  Departure Delay in Minutes  Arrival Delay in Minutes             satisfaction
0       21413  Female     Loyal Customer   64  Personal Travel  Business              965                      3                                  5                       3              3               5                5             5                       1                 1                 3                 1                5                 1            5                          11                       4.0  neutral or dissatisfied
1        7284    Male  disloyal Customer   26  Business travel  Business              592                      2                                  1                       1              2               3                1             3                       3                 5                 4                 5                4                 4            3                         112                     125.0  neutral or dissatisfied
2       86080  Female     Loyal Customer    8  Personal Travel       Eco              993                      3                                  4                       3              1               4                3             4                       4                 4                 5                 5                4                 4            4                           0                       0.0  neutral or dissatisfied
3       59842    Male     Loyal Customer   41  Business travel  Business             2223                      4                                  4                       4              4               1                2             4                       5                 5                 5                 5                5                 5            1                           9                       4.0                satisfied
4       69486  Female  disloyal Customer   19  Business travel       Eco             1235                      4                                  4                       4              4               3                4             3                       3                 1                 2                 4                1                 4            3                           0                       0.0  neutral or dissatisfied
[2023-06-26 21:06:41,065] root - INFO - Test Dataframe Head  : 
   Unnamed: 0  Gender   Customer Type  Age   Type of Travel     Class  Flight Distance  Inflight wifi service  Departure/Arrival time convenient  Ease of Online booking  Gate location  Food and drink  Online boarding  Seat comfort  Inflight entertainment  On-board service  Leg room service  Baggage handling  Checkin service  Inflight service  Cleanliness  Departure Delay in Minutes  Arrival Delay in Minutes             satisfaction
0      103044    Male  Loyal Customer   66  Personal Travel       Eco             1678                      3                                  2                       3              2               4                3             4                       4                 4                 3                 2                3                 2            4                           0                       0.0  neutral or dissatisfied
1       43282  Female  Loyal Customer   38  Business travel  Business              954                      2                                  2                       2              2               2                3             1                       4                 4                 4                 4                2                 4            4                           3                       0.0                satisfied
2       65543  Female  Loyal Customer   38  Business travel       Eco              189                      2                                  1                       1              1               2                2             2                       2                 1                 2                 4                1                 4            2                           0                       0.0  neutral or dissatisfied
3       65083  Female  Loyal Customer   32  Personal Travel       Eco              175                      2                                  5                       2              1               1                2             1                       1                 3                 5                 4                5                 4            1                           0                       0.0  neutral or dissatisfied
4       76496    Male  Loyal Customer   33  Business travel  Business             1990                      5                                  5                       5              5               4                4             4                       4                 4                 1                 5                5                 1            4                           0                       0.0                satisfied
[2023-06-26 21:06:41,066] root - INFO - columns in dataframe are: Index(['Unnamed: 0', 'Gender', 'Customer Type', 'Age', 'Type of Travel',
       'Class', 'Flight Distance', 'Inflight wifi service',
       'Departure/Arrival time convenient', 'Ease of Online booking',
       'Gate location', 'Food and drink', 'Online boarding', 'Seat comfort',
       'Inflight entertainment', 'On-board service', 'Leg room service',
       'Baggage handling', 'Checkin service', 'Inflight service',
       'Cleanliness', 'Departure Delay in Minutes', 'Arrival Delay in Minutes',
       'satisfaction'],
      dtype='object')
[2023-06-26 21:06:41,109] root - INFO - Catogorical columns in dataframe are: ['Gender', 'Customer Type', 'Type of Travel', 'Class', 'satisfaction']
[2023-06-26 21:06:41,117] root - INFO - Numerical columns in dataframe are: ['Unnamed: 0', 'Age', 'Flight Distance', 'Inflight wifi service', 'Departure/Arrival time convenient', 'Ease of Online booking', 'Gate location', 'Food and drink', 'Online boarding', 'Seat comfort', 'Inflight entertainment', 'On-board service', 'Leg room service', 'Baggage handling', 'Checkin service', 'Inflight service', 'Cleanliness', 'Departure Delay in Minutes', 'Arrival Delay in Minutes']
[2023-06-26 21:06:41,121] root - INFO - columns in dataframe are: Unnamed: 0                             int64
Gender                                object
Customer Type                         object
Age                                    int64
Type of Travel                        object
Class                                 object
Flight Distance                        int64
Inflight wifi service                  int64
Departure/Arrival time convenient      int64
Ease of Online booking                 int64
Gate location                          int64
Food and drink                         int64
Online boarding                        int64
Seat comfort                           int64
Inflight entertainment                 int64
On-board service                       int64
Leg room service                       int64
Baggage handling                       int64
Checkin service                        int64
Inflight service                       int64
Cleanliness                            int64
Departure Delay in Minutes             int64
Arrival Delay in Minutes             float64
satisfaction                          object
dtype: object
[2023-06-26 21:06:41,339] root - INFO - Outliers capped on our train data
[2023-06-26 21:06:41,339] root - INFO -  Data Transformation Started
[2023-06-26 21:06:41,340] root - INFO - Splitting train data into dependent and independent features
[2023-06-26 21:06:41,355] root - INFO - Splitting test data into dependent and independent features
