[2023-07-09 00:22:47,089] root - INFO - converting data into Dataframe
[2023-07-09 00:22:54,416] root - INFO - data ingestion started
[2023-07-09 00:22:54,416] root - INFO - data set path : A:\Projects Machine Learning\Internship SA\Airline\Passenger-Satisfaction-Prediction\notebook\data\airline_dataset.csv
[2023-07-09 00:22:55,254] root - INFO - dataset columns :{df.columns} 
[2023-07-09 00:22:57,072] root - INFO - dataset in raw data dir
[2023-07-09 00:22:57,073] root - INFO - train test split
[2023-07-09 00:22:58,634] root - INFO - train data path : A:\Projects Machine Learning\Internship SA\Airline\Passenger-Satisfaction-Prediction\artifacts\data_ingestion\2023-07-09 00-22-47\ingested_dir\train.csv
[2023-07-09 00:22:58,980] root - INFO - train data path : A:\Projects Machine Learning\Internship SA\Airline\Passenger-Satisfaction-Prediction\artifacts\data_ingestion\2023-07-09 00-22-47\ingested_dir\test.csv
[2023-07-09 00:22:58,980] root - INFO - data ingestion done 
[2023-07-09 00:22:59,762] root - INFO - Read train and test data completed
[2023-07-09 00:22:59,775] root - INFO - Train Dataframe Head : 
   Gender      Customer Type  Age   Type of Travel     Class  Flight Distance  Inflight wifi service  Departure/Arrival time convenient  Ease of Online booking  Food and drink  Online boarding  Seat comfort  Inflight entertainment  On-board service  Leg room service  Baggage handling  Checkin service  Inflight service  Cleanliness  satisfaction
0  Female     Loyal Customer   64  Personal Travel  Business              965                      3                                  5                       3               5                5             5                       1                 1                 3                 1                5                 1            5             0
1    Male  disloyal Customer   26  Business travel  Business              592                      2                                  1                       1               3                1             3                       3                 5                 4                 5                4                 4            3             0
2  Female     Loyal Customer    8  Personal Travel       Eco              993                      3                                  4                       3               4                3             4                       4                 4                 5                 5                4                 4            4             0
3    Male     Loyal Customer   41  Business travel  Business             2223                      4                                  4                       4               1                2             4                       5                 5                 5                 5                5                 5            1             1
4  Female  disloyal Customer   19  Business travel       Eco             1235                      4                                  4                       4               3                4             3                       3                 1                 2                 4                1                 4            3             0
[2023-07-09 00:22:59,782] root - INFO - Test Dataframe Head  : 
   Gender   Customer Type  Age   Type of Travel     Class  Flight Distance  Inflight wifi service  Departure/Arrival time convenient  Ease of Online booking  Food and drink  Online boarding  Seat comfort  Inflight entertainment  On-board service  Leg room service  Baggage handling  Checkin service  Inflight service  Cleanliness  satisfaction
0    Male  Loyal Customer   66  Personal Travel       Eco             1678                      3                                  2                       3               4                3             4                       4                 4                 3                 2                3                 2            4             0
1  Female  Loyal Customer   38  Business travel  Business              954                      2                                  2                       2               2                3             1                       4                 4                 4                 4                2                 4            4             1
2  Female  Loyal Customer   38  Business travel       Eco              189                      2                                  1                       1               2                2             2                       2                 1                 2                 4                1                 4            2             0
3  Female  Loyal Customer   32  Personal Travel       Eco              175                      2                                  5                       2               1                2             1                       1                 3                 5                 4                5                 4            1             0
4    Male  Loyal Customer   33  Business travel  Business             1990                      5                                  5                       5               4                4             4                       4                 4                 1                 5                5                 1            4             1
[2023-07-09 00:22:59,783] root - INFO - columns in dataframe are: Index(['Gender', 'Customer Type', 'Age', 'Type of Travel', 'Class',
       'Flight Distance', 'Inflight wifi service',
       'Departure/Arrival time convenient', 'Ease of Online booking',
       'Food and drink', 'Online boarding', 'Seat comfort',
       'Inflight entertainment', 'On-board service', 'Leg room service',
       'Baggage handling', 'Checkin service', 'Inflight service',
       'Cleanliness', 'satisfaction'],
      dtype='object')
[2023-07-09 00:22:59,789] root - INFO - Catogorical columns in dataframe are: ['Gender', 'Customer Type', 'Type of Travel', 'Class']
[2023-07-09 00:22:59,812] root - INFO - Numerical columns in dataframe are: ['Age', 'Flight Distance', 'Inflight wifi service', 'Departure/Arrival time convenient', 'Ease of Online booking', 'Food and drink', 'Online boarding', 'Seat comfort', 'Inflight entertainment', 'On-board service', 'Leg room service', 'Baggage handling', 'Checkin service', 'Inflight service', 'Cleanliness', 'satisfaction']
[2023-07-09 00:22:59,813] root - INFO - columns in dataframe are: Gender                               object
Customer Type                        object
Age                                   int64
Type of Travel                       object
Class                                object
Flight Distance                       int64
Inflight wifi service                 int64
Departure/Arrival time convenient     int64
Ease of Online booking                int64
Food and drink                        int64
Online boarding                       int64
Seat comfort                          int64
Inflight entertainment                int64
On-board service                      int64
Leg room service                      int64
Baggage handling                      int64
Checkin service                       int64
Inflight service                      int64
Cleanliness                           int64
satisfaction                          int64
dtype: object
[2023-07-09 00:22:59,813] root - INFO - Obtaining feature engineering object.
[2023-07-09 00:22:59,814] root - INFO - 
******************** Feature Engneering Started ********************


[2023-07-09 00:22:59,814] root - INFO - Obtaining feature engineering object.
[2023-07-09 00:22:59,814] root - INFO - 
******************** Feature Engneering Started ********************


[2023-07-09 00:22:59,814] root - INFO - Applying feature engineering object on training dataframe and testing dataframe
[2023-07-09 00:22:59,814] root - INFO - >>>>>>>>>>>>>>>>>>>>>>>>>>>>>>>>>>>>>>>>>>>>>>>>>>>>>>>>>>>> Training data <<<<<<<<<<<<<<<<<<<<<<<<<<<<<<<<<<<<<<<<<<<<<<<<<<<<<<<<<<<<
[2023-07-09 00:22:59,814] root - INFO - Feature Enineering - Train Data 
[2023-07-09 00:22:59,815] root - INFO - numerical_columns: ['Gender', 'Customer Type', 'Age', 'Type of Travel', 'Class', 'Flight Distance', 'Inflight wifi service', 'Departure/Arrival time convenient', 'Ease of Online booking', 'Food and drink', 'Online boarding', 'Seat comfort', 'Inflight entertainment', 'On-board service', 'Leg room service', 'Baggage handling', 'Checkin service', 'Inflight service', 'Cleanliness', 'satisfaction']
[2023-07-09 00:22:59,816] root - INFO - categorical_columns: ['Gender', 'Customer Type', 'Type of Travel', 'Class']
[2023-07-09 00:22:59,816] root - INFO - columns in dataframe are: Index(['Gender', 'Customer Type', 'Age', 'Type of Travel', 'Class',
       'Flight Distance', 'Inflight wifi service',
       'Departure/Arrival time convenient', 'Ease of Online booking',
       'Food and drink', 'Online boarding', 'Seat comfort',
       'Inflight entertainment', 'On-board service', 'Leg room service',
       'Baggage handling', 'Checkin service', 'Inflight service',
       'Cleanliness', 'satisfaction'],
      dtype='object')
[2023-07-09 00:22:59,928] root - INFO - Outlier capped in train df
[2023-07-09 00:22:59,928] root - INFO - >>>>>>>>>>>>>>>>>>>>>>>>>>>>>>>>>>>>>>>>>>>>>>>>>>>>>>>>>>>> Test data <<<<<<<<<<<<<<<<<<<<<<<<<<<<<<<<<<<<<<<<<<<<<<<<<<<<<<<<<<<<
[2023-07-09 00:22:59,928] root - INFO - Feature Enineering - Test Data 
[2023-07-09 00:22:59,929] root - INFO - numerical_columns: ['Gender', 'Customer Type', 'Age', 'Type of Travel', 'Class', 'Flight Distance', 'Inflight wifi service', 'Departure/Arrival time convenient', 'Ease of Online booking', 'Food and drink', 'Online boarding', 'Seat comfort', 'Inflight entertainment', 'On-board service', 'Leg room service', 'Baggage handling', 'Checkin service', 'Inflight service', 'Cleanliness', 'satisfaction']
[2023-07-09 00:22:59,929] root - INFO - categorical_columns: ['Gender', 'Customer Type', 'Type of Travel', 'Class']
[2023-07-09 00:22:59,929] root - INFO - columns in dataframe are: Index(['Gender', 'Customer Type', 'Age', 'Type of Travel', 'Class',
       'Flight Distance', 'Inflight wifi service',
       'Departure/Arrival time convenient', 'Ease of Online booking',
       'Food and drink', 'Online boarding', 'Seat comfort',
       'Inflight entertainment', 'On-board service', 'Leg room service',
       'Baggage handling', 'Checkin service', 'Inflight service',
       'Cleanliness', 'satisfaction'],
      dtype='object')
[2023-07-09 00:22:59,978] root - INFO - Outlier capped in train df
[2023-07-09 00:23:01,117] root - INFO - Saving csv to train_data.csv
[2023-07-09 00:23:01,351] root - INFO - Saving csv to test_data.csv
[2023-07-09 00:23:01,351] root - INFO - Saving csv to train_data and test_data.csv
[2023-07-09 00:23:01,351] root - INFO -  Data Transformation Started
[2023-07-09 00:23:01,351] root - INFO - shape of (103577, 20) and (25910, 20)
[2023-07-09 00:23:01,370] root - INFO - shape of (103577, 19) and (25910, 19)
[2023-07-09 00:23:01,371] root - INFO - shape of (103577,) and (25910,)
[2023-07-09 00:23:02,015] root - INFO - Applying preprocessing object on training and testing datasets.
[2023-07-09 00:23:02,016] root - INFO - shape of (103577, 21) and (25910, 21)
[2023-07-09 00:23:02,016] root - INFO - shape of (103577,) and (25910,)
[2023-07-09 00:23:02,016] root - INFO - transformation completed
[2023-07-09 00:23:02,028] root - INFO - train_arr, test_arr completed
[2023-07-09 00:23:02,029] root - INFO - train arr , test arr
[2023-07-09 00:23:02,032] root - INFO - converting train_arr and test_arr to dataframe
[2023-07-09 00:23:07,334] root - INFO - transformed_train_path
[2023-07-09 00:23:07,334] root - INFO - transformed dataset columns : RangeIndex(start=0, stop=22, step=1)
[2023-07-09 00:23:09,018] root - INFO - Preprocessor file saved
[2023-07-09 00:23:09,021] root - INFO - Feature eng file saved
[2023-07-09 00:23:09,022] root - INFO - Data Transformation Completed
[2023-07-09 00:23:09,027] root - INFO - Spitting our dataset into Dependebt and independent features
[2023-07-09 00:37:23,689] root - INFO - Best Model Found,Model is:Logistic,Accuracy_Score:0.8695870320339637
[2023-07-09 00:37:23,822] werkzeug - WARNING -  * Debugger is active!
[2023-07-09 00:37:23,849] werkzeug - INFO -  * Debugger PIN: 874-974-148
[2023-07-09 00:37:24,492] werkzeug - INFO - 127.0.0.1 - - [09/Jul/2023 00:37:24] "GET / HTTP/1.1" 200 -
[2023-07-09 00:37:24,494] werkzeug - INFO - 127.0.0.1 - - [09/Jul/2023 00:37:24] "GET / HTTP/1.1" 200 -
[2023-07-09 00:37:24,495] werkzeug - INFO - 127.0.0.1 - - [09/Jul/2023 00:37:24] "GET / HTTP/1.1" 200 -
[2023-07-09 00:37:24,496] werkzeug - INFO - 127.0.0.1 - - [09/Jul/2023 00:37:24] "GET / HTTP/1.1" 200 -
[2023-07-09 00:38:51,665] werkzeug - INFO - 127.0.0.1 - - [09/Jul/2023 00:38:51] "GET / HTTP/1.1" 200 -
[2023-07-09 00:39:15,134] werkzeug - INFO - 127.0.0.1 - - [09/Jul/2023 00:39:15] "GET /train HTTP/1.1" 200 -
[2023-07-09 00:39:16,734] root - ERROR - 'Train' object has no attribute 'main'
[2023-07-09 00:39:16,734] werkzeug - INFO - 127.0.0.1 - - [09/Jul/2023 00:39:16] "POST /train HTTP/1.1" 200 -
[2023-07-09 00:39:21,491] werkzeug - INFO - 127.0.0.1 - - [09/Jul/2023 00:39:21] "GET /predict HTTP/1.1" 200 -
[2023-07-09 00:39:51,134] werkzeug - INFO - 127.0.0.1 - - [09/Jul/2023 00:39:51] "POST /predict HTTP/1.1" 200 -
[2023-07-09 00:39:56,935] werkzeug - INFO - 127.0.0.1 - - [09/Jul/2023 00:39:56] "GET /predict HTTP/1.1" 200 -
[2023-07-09 00:40:20,164] werkzeug - INFO -  * Detected change in 'A:\\Projects Machine Learning\\Internship SA\\Airline\\Passenger-Satisfaction-Prediction\\app.py', reloading
