[2023-07-22 14:32:10,054] root - INFO - converting data into Dataframe
[2023-07-22 14:32:11,215] root - INFO - data ingestion started
[2023-07-22 14:32:11,216] root - INFO - data set path : A:\Projects Machine Learning\Internship SA\Airline\Passenger-Satisfaction-Prediction\notebook\data\airline_dataset.csv
[2023-07-22 14:32:11,496] root - INFO - dataset columns :{df.columns} 
[2023-07-22 14:32:12,223] root - INFO - dataset in raw data dir
[2023-07-22 14:32:12,223] root - INFO - train test split
[2023-07-22 14:32:12,965] root - INFO - train data path : A:\Projects Machine Learning\Internship SA\Airline\Passenger-Satisfaction-Prediction\artifacts\data_ingestion\2023-07-22 14-32-10\ingested_dir\train.csv
[2023-07-22 14:32:13,098] root - INFO - train data path : A:\Projects Machine Learning\Internship SA\Airline\Passenger-Satisfaction-Prediction\artifacts\data_ingestion\2023-07-22 14-32-10\ingested_dir\test.csv
[2023-07-22 14:32:13,098] root - INFO - data ingestion done 
[2023-07-22 14:32:13,697] root - INFO - Read train and test data completed
[2023-07-22 14:32:13,706] root - INFO - Train Dataframe Head : 
   Gender      Customer Type  Age   Type of Travel     Class  Flight Distance  Inflight wifi service  Departure/Arrival time convenient  Ease of Online booking  Food and drink  Online boarding  Seat comfort  Inflight entertainment  On-board service  Leg room service  Baggage handling  Checkin service  Inflight service  Cleanliness  satisfaction
0  Female     Loyal Customer   64  Personal Travel  Business              965                      3                                  5                       3               5                5             5                       1                 1                 3                 1                5                 1            5             0
1    Male  disloyal Customer   26  Business travel  Business              592                      2                                  1                       1               3                1             3                       3                 5                 4                 5                4                 4            3             0
2  Female     Loyal Customer    8  Personal Travel       Eco              993                      3                                  4                       3               4                3             4                       4                 4                 5                 5                4                 4            4             0
3    Male     Loyal Customer   41  Business travel  Business             2223                      4                                  4                       4               1                2             4                       5                 5                 5                 5                5                 5            1             1
4  Female  disloyal Customer   19  Business travel       Eco             1235                      4                                  4                       4               3                4             3                       3                 1                 2                 4                1                 4            3             0
[2023-07-22 14:32:13,711] root - INFO - Test Dataframe Head  : 
   Gender   Customer Type  Age   Type of Travel     Class  Flight Distance  Inflight wifi service  Departure/Arrival time convenient  Ease of Online booking  Food and drink  Online boarding  Seat comfort  Inflight entertainment  On-board service  Leg room service  Baggage handling  Checkin service  Inflight service  Cleanliness  satisfaction
0    Male  Loyal Customer   66  Personal Travel       Eco             1678                      3                                  2                       3               4                3             4                       4                 4                 3                 2                3                 2            4             0
1  Female  Loyal Customer   38  Business travel  Business              954                      2                                  2                       2               2                3             1                       4                 4                 4                 4                2                 4            4             1
2  Female  Loyal Customer   38  Business travel       Eco              189                      2                                  1                       1               2                2             2                       2                 1                 2                 4                1                 4            2             0
3  Female  Loyal Customer   32  Personal Travel       Eco              175                      2                                  5                       2               1                2             1                       1                 3                 5                 4                5                 4            1             0
4    Male  Loyal Customer   33  Business travel  Business             1990                      5                                  5                       5               4                4             4                       4                 4                 1                 5                5                 1            4             1
[2023-07-22 14:32:13,711] root - INFO - columns in dataframe are: Index(['Gender', 'Customer Type', 'Age', 'Type of Travel', 'Class',
       'Flight Distance', 'Inflight wifi service',
       'Departure/Arrival time convenient', 'Ease of Online booking',
       'Food and drink', 'Online boarding', 'Seat comfort',
       'Inflight entertainment', 'On-board service', 'Leg room service',
       'Baggage handling', 'Checkin service', 'Inflight service',
       'Cleanliness', 'satisfaction'],
      dtype='object')
[2023-07-22 14:32:13,715] root - INFO - Catogorical columns in dataframe are: ['Gender', 'Customer Type', 'Type of Travel', 'Class']
[2023-07-22 14:32:13,731] root - INFO - Numerical columns in dataframe are: ['Age', 'Flight Distance', 'Inflight wifi service', 'Departure/Arrival time convenient', 'Ease of Online booking', 'Food and drink', 'Online boarding', 'Seat comfort', 'Inflight entertainment', 'On-board service', 'Leg room service', 'Baggage handling', 'Checkin service', 'Inflight service', 'Cleanliness', 'satisfaction']
[2023-07-22 14:32:13,732] root - INFO - columns in dataframe are: Gender                               object
Customer Type                        object
Age                                   int64
Type of Travel                       object
Class                                object
Flight Distance                       int64
Inflight wifi service                 int64
Departure/Arrival time convenient     int64
Ease of Online booking                int64
Food and drink                        int64
Online boarding                       int64
Seat comfort                          int64
Inflight entertainment                int64
On-board service                      int64
Leg room service                      int64
Baggage handling                      int64
Checkin service                       int64
Inflight service                      int64
Cleanliness                           int64
satisfaction                          int64
dtype: object
[2023-07-22 14:32:13,732] root - INFO - Obtaining feature engineering object.
[2023-07-22 14:32:13,733] root - INFO - 
******************** Feature Engneering Started ********************


[2023-07-22 14:32:13,733] root - INFO - Obtaining feature engineering object.
[2023-07-22 14:32:13,733] root - INFO - 
******************** Feature Engneering Started ********************


[2023-07-22 14:32:13,733] root - INFO - Applying feature engineering object on training dataframe and testing dataframe
[2023-07-22 14:32:13,733] root - INFO - >>>>>>>>>>>>>>>>>>>>>>>>>>>>>>>>>>>>>>>>>>>>>>>>>>>>>>>>>>>> Training data <<<<<<<<<<<<<<<<<<<<<<<<<<<<<<<<<<<<<<<<<<<<<<<<<<<<<<<<<<<<
[2023-07-22 14:32:13,733] root - INFO - Feature Enineering - Train Data 
[2023-07-22 14:32:13,735] root - INFO - numerical_columns: ['Gender', 'Customer Type', 'Age', 'Type of Travel', 'Class', 'Flight Distance', 'Inflight wifi service', 'Departure/Arrival time convenient', 'Ease of Online booking', 'Food and drink', 'Online boarding', 'Seat comfort', 'Inflight entertainment', 'On-board service', 'Leg room service', 'Baggage handling', 'Checkin service', 'Inflight service', 'Cleanliness', 'satisfaction']
[2023-07-22 14:32:13,735] root - INFO - categorical_columns: ['Gender', 'Customer Type', 'Type of Travel', 'Class']
[2023-07-22 14:32:13,736] root - INFO - columns in dataframe are: Index(['Gender', 'Customer Type', 'Age', 'Type of Travel', 'Class',
       'Flight Distance', 'Inflight wifi service',
       'Departure/Arrival time convenient', 'Ease of Online booking',
       'Food and drink', 'Online boarding', 'Seat comfort',
       'Inflight entertainment', 'On-board service', 'Leg room service',
       'Baggage handling', 'Checkin service', 'Inflight service',
       'Cleanliness', 'satisfaction'],
      dtype='object')
[2023-07-22 14:32:13,845] root - INFO - Outlier capped in train df
[2023-07-22 14:32:13,845] root - INFO - >>>>>>>>>>>>>>>>>>>>>>>>>>>>>>>>>>>>>>>>>>>>>>>>>>>>>>>>>>>> Test data <<<<<<<<<<<<<<<<<<<<<<<<<<<<<<<<<<<<<<<<<<<<<<<<<<<<<<<<<<<<
[2023-07-22 14:32:13,845] root - INFO - Feature Enineering - Test Data 
[2023-07-22 14:32:13,846] root - INFO - numerical_columns: ['Gender', 'Customer Type', 'Age', 'Type of Travel', 'Class', 'Flight Distance', 'Inflight wifi service', 'Departure/Arrival time convenient', 'Ease of Online booking', 'Food and drink', 'Online boarding', 'Seat comfort', 'Inflight entertainment', 'On-board service', 'Leg room service', 'Baggage handling', 'Checkin service', 'Inflight service', 'Cleanliness', 'satisfaction']
[2023-07-22 14:32:13,846] root - INFO - categorical_columns: ['Gender', 'Customer Type', 'Type of Travel', 'Class']
[2023-07-22 14:32:13,847] root - INFO - columns in dataframe are: Index(['Gender', 'Customer Type', 'Age', 'Type of Travel', 'Class',
       'Flight Distance', 'Inflight wifi service',
       'Departure/Arrival time convenient', 'Ease of Online booking',
       'Food and drink', 'Online boarding', 'Seat comfort',
       'Inflight entertainment', 'On-board service', 'Leg room service',
       'Baggage handling', 'Checkin service', 'Inflight service',
       'Cleanliness', 'satisfaction'],
      dtype='object')
[2023-07-22 14:32:13,887] root - INFO - Outlier capped in train df
[2023-07-22 14:32:14,534] root - INFO - Saving csv to train_data.csv
[2023-07-22 14:32:14,686] root - INFO - Saving csv to test_data.csv
[2023-07-22 14:32:14,686] root - INFO - Saving csv to train_data and test_data.csv
[2023-07-22 14:32:14,686] root - INFO -  Data Transformation Started
[2023-07-22 14:32:14,686] root - INFO - shape of (103577, 20) and (25910, 20)
[2023-07-22 14:32:14,697] root - INFO - shape of (103577, 19) and (25910, 19)
[2023-07-22 14:32:14,697] root - INFO - shape of (103577,) and (25910,)
[2023-07-22 14:32:15,093] root - INFO - Applying preprocessing object on training and testing datasets.
[2023-07-22 14:32:15,094] root - INFO - shape of (103577, 21) and (25910, 21)
[2023-07-22 14:32:15,094] root - INFO - shape of (103577,) and (25910,)
[2023-07-22 14:32:15,094] root - INFO - transformation completed
[2023-07-22 14:32:15,104] root - INFO - train_arr, test_arr completed
[2023-07-22 14:32:15,104] root - INFO - train arr , test arr
[2023-07-22 14:32:15,106] root - INFO - converting train_arr and test_arr to dataframe
[2023-07-22 14:32:18,080] root - INFO - transformed_train_path
[2023-07-22 14:32:18,080] root - INFO - transformed dataset columns : RangeIndex(start=0, stop=22, step=1)
[2023-07-22 14:32:18,799] root - INFO - Preprocessor file saved
[2023-07-22 14:32:18,800] root - INFO - Feature eng file saved
[2023-07-22 14:32:18,800] root - INFO - Data Transformation Completed
[2023-07-22 14:32:18,802] root - INFO - Model Training Started
[2023-07-22 14:32:18,802] root - INFO - Spitting our dataset into Dependebt and independent features
[2023-07-22 14:45:18,254] root - INFO - Best Model Found,Model is:Logistic,Accuracy_Score:0.8695098417599383
[2023-07-22 14:45:18,272] werkzeug - WARNING -  * Debugger is active!
[2023-07-22 14:45:18,383] werkzeug - INFO -  * Debugger PIN: 117-866-218
[2023-07-22 14:45:39,066] werkzeug - INFO - 127.0.0.1 - - [22/Jul/2023 14:45:39] "GET / HTTP/1.1" 200 -
[2023-07-22 14:45:39,192] werkzeug - INFO - 127.0.0.1 - - [22/Jul/2023 14:45:39] "[33mGET /favicon.ico HTTP/1.1[0m" 404 -
[2023-07-22 14:45:55,382] werkzeug - INFO - 127.0.0.1 - - [22/Jul/2023 14:45:55] "GET /predict HTTP/1.1" 200 -
[2023-07-22 15:34:02,426] werkzeug - INFO - 127.0.0.1 - - [22/Jul/2023 15:34:02] "GET /predict HTTP/1.1" 200 -
[2023-07-22 15:34:31,166] werkzeug - INFO - 127.0.0.1 - - [22/Jul/2023 15:34:31] "POST /predict HTTP/1.1" 200 -
[2023-07-22 15:34:36,766] werkzeug - INFO - 127.0.0.1 - - [22/Jul/2023 15:34:36] "GET /predict HTTP/1.1" 200 -
[2023-07-22 15:34:42,247] werkzeug - INFO - 127.0.0.1 - - [22/Jul/2023 15:34:42] "GET /batch HTTP/1.1" 200 -
[2023-07-22 15:41:07,408] werkzeug - INFO - 127.0.0.1 - - [22/Jul/2023 15:41:07] "GET /predict HTTP/1.1" 200 -
[2023-07-22 15:47:59,464] werkzeug - INFO - 127.0.0.1 - - [22/Jul/2023 15:47:59] "POST /predict HTTP/1.1" 200 -
[2023-07-22 15:48:02,950] werkzeug - INFO - 127.0.0.1 - - [22/Jul/2023 15:48:02] "GET /predict HTTP/1.1" 200 -
[2023-07-22 15:48:11,014] werkzeug - INFO - 127.0.0.1 - - [22/Jul/2023 15:48:11] "GET /batch HTTP/1.1" 200 -
